2026-01-26 15:17:26,476 - __main__ - INFO - Loaded data from data/sample_data.csv, shape: (1010, 8)
2026-01-26 15:17:26,478 - __main__ - INFO - Successfully loaded 1010 rows and 8 columns
2026-01-26 15:17:26,528 - __main__ - INFO - Profiled data: 1010 records, 8 columns
2026-01-26 15:18:09,552 - __main__ - INFO - Loaded data from data/sample_data.csv, shape: (1010, 8)
2026-01-26 15:18:09,554 - __main__ - INFO - Successfully loaded 1010 rows and 8 columns
2026-01-26 15:18:09,729 - __main__ - INFO - Profiled data: 1010 records, 8 columns
2026-01-26 17:05:59,732 - INFO - ACTION: DATA_LOADED | DETAILS: {"rows": 8, "cols": 4}
2026-01-26 17:06:00,876 - INFO - ACTION: DATA_CLEANED | DETAILS: {"missing_filled": 3, "duplicates_removed": 0, "outliers_capped": 0}
2026-01-26 17:19:58,770 - INFO - ACTION: DATA_LOADED | DETAILS: {"rows": 101, "cols": 15}
2026-01-26 17:19:58,848 - INFO - ACTION: DATA_CLEANED | DETAILS: {"missing_filled": 114, "duplicates_removed": 0, "outliers_capped": 3}
2026-01-26 17:20:34,498 - INFO - ACTION: DATA_LOADED | DETAILS: {"rows": 101, "cols": 15}
2026-01-26 17:20:34,567 - INFO - ACTION: DATA_CLEANED | DETAILS: {"missing_filled": 114, "duplicates_removed": 0, "outliers_capped": 3}
2026-01-26 17:33:00,572 - INFO - ACTION: DATA_LOADED | DETAILS: {"rows": 101, "cols": 15}
2026-01-26 17:33:00,817 - INFO - ACTION: DATA_CLEANED | DETAILS: {"missing_filled": 114, "duplicates_removed": 0, "outliers_capped": 0}
2026-01-26 17:42:17,658 - INFO - ACTION: DATA_LOADED | DETAILS: {"rows": 101, "cols": 15}
2026-01-26 17:42:17,910 - INFO - ACTION: DATA_CLEANED | DETAILS: {"missing_filled": 114, "duplicates_removed": 0, "outliers_capped": 0}
2026-01-26 17:42:19,509 - INFO - ACTION: DATA_LOADED | DETAILS: {"rows": 101, "cols": 15}
2026-01-26 18:24:54,140 - INFO - ACTION: DATA_LOADED | DETAILS: {"rows": 14, "cols": 16}
2026-01-26 18:29:21,664 - INFO - ACTION: DATA_LOADED | DETAILS: {"rows": 14, "cols": 16}
2026-01-26 18:33:19,470 - INFO - ACTION: DATA_LOADED | DETAILS: {"rows": 14, "cols": 16}
2026-01-26 18:47:03,020 - INFO - ACTION: DATA_LOADED | DETAILS: {"rows": 4, "cols": 3}
2026-01-26 18:47:17,297 - INFO - ACTION: DATA_LOADED | DETAILS: {"rows": 4, "cols": 3}
2026-01-26 18:48:51,791 - INFO - ACTION: DATA_LOADED | DETAILS: {"rows": 4, "cols": 3}
2026-01-26 18:54:29,103 - INFO - ACTION: DATA_LOADED | DETAILS: {"rows": 4, "cols": 3}
2026-01-26 18:54:29,144 - INFO - ACTION: DATA_CLEANED | DETAILS: {"missing_filled": 1, "duplicates_removed": 1, "outliers_capped": 0, "text_cleaned": 0, "imputed_columns": ["age (mean)"], "date_corrections": {}}
2026-01-26 18:57:09,675 - INFO - ACTION: DATA_LOADED | DETAILS: {"rows": 14, "cols": 16}
2026-01-26 18:57:09,903 - INFO - ACTION: DATA_CLEANED | DETAILS: {"missing_filled": 19, "duplicates_removed": 0, "outliers_capped": 0, "text_cleaned": 2, "imputed_columns": ["duration (mean)", "num_voted_users (mean)", "Cast_Total_facebook_likes (mean)", "facenumber_in_poster (mean)", "ACTOR_2_facebook_likes (mean)", "title_year.1 (mean)"], "date_corrections": {}}
2026-01-26 19:05:23,516 - INFO - ACTION: DATA_LOADED | DETAILS: {"rows": 14, "cols": 16}
2026-01-26 19:05:23,596 - INFO - ACTION: DATA_CLEANED | DETAILS: {"missing_filled": 19, "duplicates_removed": 0, "outliers_capped": 0, "text_cleaned": 2, "imputed_columns": ["duration (mean)", "num_voted_users (mean)", "Cast_Total_facebook_likes (mean)", "facenumber_in_poster (mean)", "ACTOR_2_facebook_likes (mean)", "title_year.1 (mean)"], "date_corrections": {}}
2026-01-26 19:20:22,458 - INFO - ACTION: DATA_LOADED | DETAILS: {"rows": 14, "cols": 16}
2026-01-26 19:20:22,629 - INFO - ACTION: DATA_CLEANED | DETAILS: {"missing_filled": 19, "duplicates_removed": 0, "outliers_capped": 0, "text_cleaned": 2, "imputed_columns": ["duration (mean)", "num_voted_users (mean)", "Cast_Total_facebook_likes (mean)", "facenumber_in_poster (mean)", "ACTOR_2_facebook_likes (mean)", "title_year.1 (mean)"], "date_corrections": {}}
2026-01-26 19:24:14,517 - INFO - ACTION: DATA_LOADED | DETAILS: {"rows": 14, "cols": 16}
2026-01-26 19:24:14,656 - INFO - ACTION: DATA_CLEANED | DETAILS: {"missing_filled": 19, "duplicates_removed": 0, "outliers_capped": 0, "text_cleaned": 2, "imputed_columns": ["duration (mean)", "num_voted_users (mean)", "Cast_Total_facebook_likes (mean)", "facenumber_in_poster (mean)", "ACTOR_2_facebook_likes (mean)", "title_year.1 (mean)"], "date_corrections": {}}
2026-01-26 19:26:58,021 - INFO - ACTION: DATA_LOADED | DETAILS: {"rows": 101, "cols": 15}
2026-01-26 19:26:58,090 - INFO - ACTION: DATA_CLEANED | DETAILS: {"missing_filled": 7, "duplicates_removed": 0, "outliers_capped": 3, "text_cleaned": 144, "imputed_columns": ["Order ID (mean)", "Units Sold (mean)", "Unit Price (mean)", "Unit Cost (mean)", "Total Revenue (mean)", "Total Cost (mean)", "Total Profit (mean)"], "date_corrections": {}}
2026-01-26 19:58:36,447 - INFO - ACTION: DATA_LOADED | DETAILS: {"rows": 100, "cols": 14}
2026-01-26 19:58:36,700 - INFO - ACTION: DATA_CLEANED | DETAILS: {"missing_filled": 15, "duplicates_removed": 0, "outliers_capped": 0, "text_cleaned": 39, "imputed_columns": ["Units Sold (mean)", "Unit Price (mean)"], "date_corrections": {}}
2026-01-26 22:44:52,155 - INFO - ACTION: DATA_LOADED | DETAILS: {"rows": 14, "cols": 16}
2026-01-26 22:44:52,947 - INFO - ACTION: DATA_CLEANED | DETAILS: {"missing_filled": 19, "duplicates_removed": 0, "outliers_capped": 0, "text_cleaned": 2, "imputed_columns": ["duration (mean)", "num_voted_users (mean)", "Cast_Total_facebook_likes (mean)", "facenumber_in_poster (mean)", "ACTOR_2_facebook_likes (mean)", "title_year.1 (mean)"], "date_corrections": {}}
2026-01-26 23:06:50,328 - INFO - ACTION: DATA_LOADED | DETAILS: {"rows": 100, "cols": 14}
2026-01-26 23:06:50,539 - INFO - ACTION: DATA_CLEANED | DETAILS: {"missing_filled": 15, "duplicates_removed": 0, "outliers_capped": 0, "text_cleaned": 39, "imputed_columns": ["Units Sold (mean)", "Unit Price (mean)"], "date_corrections": {}}
2026-01-26 23:07:54,484 - INFO - ACTION: DATA_LOADED | DETAILS: {"rows": 14, "cols": 16}
2026-01-26 23:07:54,935 - INFO - ACTION: DATA_CLEANED | DETAILS: {"missing_filled": 19, "duplicates_removed": 0, "outliers_capped": 0, "text_cleaned": 2, "imputed_columns": ["duration (mean)", "num_voted_users (mean)", "Cast_Total_facebook_likes (mean)", "facenumber_in_poster (mean)", "ACTOR_2_facebook_likes (mean)", "title_year.1 (mean)"], "date_corrections": {}}
2026-01-27 17:16:12,204 - INFO - ACTION: DATA_LOADED | DETAILS: {"rows": 14, "cols": 16}
2026-01-27 17:16:13,765 - INFO - ACTION: DATA_CLEANED | DETAILS: {"missing_filled": 21, "duplicates_removed": 0, "outliers_capped": 1, "text_cleaned": 0, "imputed_columns": ["duration (mean)", "DIRECTOR_facebook_likes (mean)", "num_voted_users (mean)", "Cast_Total_facebook_likes (mean)", "facenumber_in_poster (mean)", "ACTOR_2_facebook_likes (mean)", "title_year.1 (mean)"], "date_corrections": {}}
2026-01-27 17:30:44,674 - INFO - ACTION: DATA_LOADED | DETAILS: {"rows": 14, "cols": 16}
2026-01-27 17:30:45,083 - INFO - ACTION: DATA_CLEANED | DETAILS: {"missing_filled": 21, "duplicates_removed": 0, "outliers_capped": 1, "text_cleaned": 0, "imputed_columns": ["duration (mean)", "DIRECTOR_facebook_likes (mean)", "num_voted_users (mean)", "Cast_Total_facebook_likes (mean)", "facenumber_in_poster (mean)", "ACTOR_2_facebook_likes (mean)", "title_year.1 (mean)"], "date_corrections": {}}
2026-01-27 17:34:00,457 - INFO - ACTION: DATA_LOADED | DETAILS: {"rows": 14, "cols": 16}
2026-01-27 17:34:00,734 - INFO - ACTION: DATA_CLEANED | DETAILS: {"missing_filled": 21, "duplicates_removed": 0, "outliers_capped": 1, "text_cleaned": 0, "imputed_columns": ["duration (mean)", "DIRECTOR_facebook_likes (mean)", "num_voted_users (mean)", "Cast_Total_facebook_likes (mean)", "facenumber_in_poster (mean)", "ACTOR_2_facebook_likes (mean)", "title_year.1 (mean)"], "date_corrections": {}}
2026-01-27 17:36:48,218 - INFO - ACTION: DATA_LOADED | DETAILS: {"rows": 14, "cols": 16}
2026-01-27 17:36:48,387 - INFO - ACTION: DATA_CLEANED | DETAILS: {"missing_filled": 21, "duplicates_removed": 0, "outliers_capped": 1, "text_cleaned": 0, "imputed_columns": ["duration (mean)", "DIRECTOR_facebook_likes (mean)", "num_voted_users (mean)", "Cast_Total_facebook_likes (mean)", "facenumber_in_poster (mean)", "ACTOR_2_facebook_likes (mean)", "title_year.1 (mean)"], "date_corrections": {}}
